<?xml version="1.0" encoding="UTF-8"?>
<!-- Generated by org.testng.reporters.JUnitXMLReporter -->
<testsuite ignored="0" hostname="DESKTOP-P2R4BJQ" failures="1" tests="1" name="mytest" time="11.196" errors="0" timestamp="2023-08-28T15:00:10 IST">
  <testcase classname="testCase.TC_001_AccountRegistrationTest" name="test_Account_Registration" time="2.957">
    <failure type="java.lang.AssertionError" message="null">
      <![CDATA[java.lang.AssertionError: null
at testCase.TC_001_AccountRegistrationTest.test_Account_Registration(TC_001_AccountRegistrationTest.java:51)
at java.base/java.util.ArrayList.forEach(ArrayList.java:1511)
... Removed 29 stack frames]]>
    </failure>
  </testcase> <!-- test_Account_Registration -->
</testsuite> <!-- mytest -->
